Arguments: 
  /Users/ioana.comsa/.nvm/versions/node/v12.14.1/bin/node /usr/local/Cellar/yarn/1.21.1/libexec/bin/yarn.js

PATH: 
  /Users/ioana.comsa/.nvm/versions/node/v12.14.1/bin:/Library/Frameworks/Python.framework/Versions/3.7/bin:/usr/local/bin:/usr/bin:/bin:/usr/sbin:/sbin:/Users/ioana.comsa/Downloads:/usr/local/bin

Yarn version: 
  1.21.1

Node version: 
  12.14.1

Platform: 
  darwin x64

Trace: 
  Error: getaddrinfo ENOTFOUND registry.yarnpkg.com
      at GetAddrInfoReqWrap.onlookup [as oncomplete] (dns.js:60:26)

npm manifest: 
  {
    "name": "mainproject",
    "version": "1.0.0",
    "description": "",
    "main": "index.js",
    "scripts": {
      "dev": "node server.js",
      "build": "next build",
      "start": "NODE_ENV=production node server.js"
    },
    "author": "Ioana Comsa",
    "license": "ISC",
    "dependencies": {
      "express": "^4.17.1",
      "is-hotkey": "^0.1.6",
      "next": "^9.3.4",
      "react": "^16.13.1",
      "react-dom": "^16.13.1",
      "react-redux": "^7.2.0",
      "redux": "^4.0.5",
      "redux-devtools-extension": "^2.13.8",
      "redux-persist": "^6.0.0",
      "redux-thunk": "^2.3.0",
      "slate": "^0.57.1",
      "slate-react": "^0.57.1",
      "styled-components": "^5.1.0"
    },
    "devDependencies": {
      "babel-plugin-styled-components": "^1.10.7"
    }
  }

yarn manifest: 
  No manifest

Lockfile: 
  No lockfile
